<?xml version="1.0" encoding="UTF-8"?>
<!-- Generated by org.testng.reporters.JUnitReportReporter -->
<testsuite hostname="ACER-PC" name="com.test.ant.Dummy" tests="1" failures="0" timestamp="5 Jan 2016 15:25:33 GMT" time="0.016" errors="0">
  <testcase name="addNumbers" time="0.016" classname="com.test.ant.Dummy"/>
</testsuite> <!-- com.test.ant.Dummy -->
